<?xml version="1.0" encoding="UTF-8"?>
<!-- Generated by org.testng.reporters.JUnitXMLReporter -->
<testsuite ignored="0" hostname="LAPTOP-NPEQ6NRP" failures="0" tests="6" name="Booking API Flow" time="26.855" errors="0" timestamp="2026-07-02T21:28:16 IST">
  <testcase classname="tests.CreateBookingTest" name="verifyCreateBooking" time="4.836"/>
  <testcase classname="tests.AuthTest" name="verifyAuthToken" time="1.55"/>
  <testcase classname="tests.GetBookingTest" name="verifyGetBooking" time="3.571"/>
  <testcase classname="tests.PartialUpdateBookingTest" name="verifyPartialUpdate" time="5.012"/>
  <testcase classname="tests.UpdateBookingTest" name="verifyUpdateBooking" time="4.502"/>
  <testcase classname="tests.DeleteBookingTest" name="verifyDeleteBooking" time="6.223"/>
</testsuite> <!-- Booking API Flow -->
