<?xml version="1.0" encoding="UTF-8"?>
<testng-results ignored="0" total="6" passed="6" failed="0" skipped="0">
  <reporter-output>
  </reporter-output>
  <suite started-at="2026-07-02T21:27:49 IST" name="RestAssuredSuite" finished-at="2026-07-02T21:28:16 IST" duration-ms="26855">
    <groups>
    </groups>
    <test started-at="2026-07-02T21:27:49 IST" name="Booking API Flow" finished-at="2026-07-02T21:28:16 IST" duration-ms="26855">
      <class name="tests.PartialUpdateBookingTest">
        <test-method is-config="true" signature="setup()[pri:0, instance:tests.PartialUpdateBookingTest@74e52ef6]" started-at="2026-07-02T21:28:00 IST" name="setup" finished-at="2026-07-02T21:28:00 IST" duration-ms="3" status="PASS">
          <reporter-output>
          </reporter-output>
        </test-method> <!-- setup -->
        <test-method signature="verifyPartialUpdate()[pri:0, instance:tests.PartialUpdateBookingTest@74e52ef6]" started-at="2026-07-02T21:28:00 IST" name="verifyPartialUpdate" finished-at="2026-07-02T21:28:05 IST" depends-on-methods="verifyGetBooking" duration-ms="5012" status="PASS">
          <reporter-output>
          </reporter-output>
        </test-method> <!-- verifyPartialUpdate -->
      </class> <!-- tests.PartialUpdateBookingTest -->
      <class name="tests.CreateBookingTest">
        <test-method is-config="true" signature="setup()[pri:0, instance:tests.CreateBookingTest@6f03482]" started-at="2026-07-02T21:27:49 IST" name="setup" finished-at="2026-07-02T21:27:50 IST" duration-ms="1053" status="PASS">
          <reporter-output>
          </reporter-output>
        </test-method> <!-- setup -->
        <test-method signature="verifyCreateBooking()[pri:0, instance:tests.CreateBookingTest@6f03482]" started-at="2026-07-02T21:27:50 IST" name="verifyCreateBooking" finished-at="2026-07-02T21:27:55 IST" duration-ms="4836" status="PASS">
          <reporter-output>
          </reporter-output>
        </test-method> <!-- verifyCreateBooking -->
      </class> <!-- tests.CreateBookingTest -->
      <class name="tests.GetBookingTest">
        <test-method is-config="true" signature="setup()[pri:0, instance:tests.GetBookingTest@1a677343]" started-at="2026-07-02T21:27:57 IST" name="setup" finished-at="2026-07-02T21:27:57 IST" duration-ms="3" status="PASS">
          <reporter-output>
          </reporter-output>
        </test-method> <!-- setup -->
        <test-method signature="verifyGetBooking()[pri:0, instance:tests.GetBookingTest@1a677343]" started-at="2026-07-02T21:27:57 IST" name="verifyGetBooking" finished-at="2026-07-02T21:28:00 IST" depends-on-methods="verifyAuthToken" duration-ms="3571" status="PASS">
          <reporter-output>
          </reporter-output>
        </test-method> <!-- verifyGetBooking -->
      </class> <!-- tests.GetBookingTest -->
      <class name="tests.AuthTest">
        <test-method is-config="true" signature="setup()[pri:0, instance:tests.AuthTest@62ddbd7e]" started-at="2026-07-02T21:27:55 IST" name="setup" finished-at="2026-07-02T21:27:55 IST" duration-ms="3" status="PASS">
          <reporter-output>
          </reporter-output>
        </test-method> <!-- setup -->
        <test-method signature="verifyAuthToken()[pri:0, instance:tests.AuthTest@62ddbd7e]" started-at="2026-07-02T21:27:55 IST" name="verifyAuthToken" finished-at="2026-07-02T21:27:57 IST" depends-on-methods="verifyCreateBooking" duration-ms="1550" status="PASS">
          <reporter-output>
          </reporter-output>
        </test-method> <!-- verifyAuthToken -->
      </class> <!-- tests.AuthTest -->
      <class name="tests.UpdateBookingTest">
        <test-method is-config="true" signature="setup()[pri:0, instance:tests.UpdateBookingTest@15de0b3c]" started-at="2026-07-02T21:28:05 IST" name="setup" finished-at="2026-07-02T21:28:05 IST" duration-ms="3" status="PASS">
          <reporter-output>
          </reporter-output>
        </test-method> <!-- setup -->
        <test-method signature="verifyUpdateBooking()[pri:0, instance:tests.UpdateBookingTest@15de0b3c]" started-at="2026-07-02T21:28:05 IST" name="verifyUpdateBooking" finished-at="2026-07-02T21:28:10 IST" depends-on-methods="verifyGetBooking" duration-ms="4502" status="PASS">
          <reporter-output>
          </reporter-output>
        </test-method> <!-- verifyUpdateBooking -->
      </class> <!-- tests.UpdateBookingTest -->
      <class name="tests.DeleteBookingTest">
        <test-method is-config="true" signature="setup()[pri:0, instance:tests.DeleteBookingTest@6ed3ccb2]" started-at="2026-07-02T21:28:10 IST" name="setup" finished-at="2026-07-02T21:28:10 IST" duration-ms="3" status="PASS">
          <reporter-output>
          </reporter-output>
        </test-method> <!-- setup -->
        <test-method signature="verifyDeleteBooking()[pri:0, instance:tests.DeleteBookingTest@6ed3ccb2]" started-at="2026-07-02T21:28:10 IST" name="verifyDeleteBooking" finished-at="2026-07-02T21:28:16 IST" depends-on-methods="verifyGetBooking" duration-ms="6223" status="PASS">
          <reporter-output>
          </reporter-output>
        </test-method> <!-- verifyDeleteBooking -->
      </class> <!-- tests.DeleteBookingTest -->
    </test> <!-- Booking API Flow -->
  </suite> <!-- RestAssuredSuite -->
</testng-results>
